Debug: (1.117139) - (usage: 14721704) - (peak: 14935680)
cms_stylesheet
Debug: (1.119775) - (usage: 14721648) - (peak: 14935680)

Debug: (4.7999999999937E-5) - (usage: 16667264) - (peak: 16801288)
cms_stylesheet
Debug: (0.001968) - (usage: 16667200) - (peak: 16801288)
Number of elements: 3
Array
(
    [templateid] => 22
    [nolinks] => 1
    [adjustforeditor] => 1
)

Debug: (5.0000000000001E-5) - (usage: 16687024) - (peak: 16821088)
cms_stylesheet
Debug: (0.002223) - (usage: 16686960) - (peak: 16821088)
Number of elements: 3
Array
(
    [templateid] => 22
    [nolinks] => 1
    [adjustforeditor] => 1
)

Debug: (4.4999999999962E-5) - (usage: 16686624) - (peak: 16820672)
cms_stylesheet
Debug: (0.002036) - (usage: 16686560) - (peak: 16820672)
Number of elements: 3
Array
(
    [templateid] => 22
    [nolinks] => 1
    [adjustforeditor] => 1
)

Debug: (0.634171) - (usage: 14204344) - (peak: 14507696)
cms_stylesheet
Debug: (0.635747) - (usage: 14204288) - (peak: 14507696)

Debug: (0.930437) - (usage: 14287568) - (peak: 14603088)
cms_stylesheet
Debug: (0.932384) - (usage: 14287512) - (peak: 14603088)

Debug: (4.6999999999908E-5) - (usage: 16686736) - (peak: 16820800)
cms_stylesheet
Debug: (0.0019169999999999) - (usage: 16686680) - (peak: 16820800)
Number of elements: 3
Array
(
    [templateid] => 22
    [nolinks] => 1
    [adjustforeditor] => 1
)

Debug: (0.953106) - (usage: 14284424) - (peak: 14592568)
cms_stylesheet
Debug: (0.955058) - (usage: 14284368) - (peak: 14592568)

Debug: (0.739281) - (usage: 14247408) - (peak: 14507512)
cms_stylesheet
Debug: (0.741195) - (usage: 14247352) - (peak: 14507512)

Debug: (4.6E-5) - (usage: 16686576) - (peak: 16820656)
cms_stylesheet
Debug: (0.001946) - (usage: 16686528) - (peak: 16820656)
Number of elements: 3
Array
(
    [templateid] => 22
    [nolinks] => 1
    [adjustforeditor] => 1
)

Debug: (0.843605) - (usage: 14498496) - (peak: 15198040)
cms_stylesheet
Debug: (0.84542) - (usage: 14498440) - (peak: 15198040)

Debug: (0.882602) - (usage: 14451368) - (peak: 15230464)
cms_stylesheet
Debug: (0.885234) - (usage: 14451312) - (peak: 15230464)

Debug: (0.791669) - (usage: 14385608) - (peak: 15068152)
cms_stylesheet
Debug: (0.793289) - (usage: 14385552) - (peak: 15068152)

Debug: (0.796334) - (usage: 14238624) - (peak: 14541968)
cms_stylesheet
Debug: (0.798315) - (usage: 14238568) - (peak: 14541968)

Debug: (0.966804) - (usage: 14314608) - (peak: 14625592)
cms_stylesheet
Debug: (0.968962) - (usage: 14314552) - (peak: 14625592)

Debug: (3.9999999999929E-5) - (usage: 16755000) - (peak: 16889032)
cms_stylesheet
Debug: (0.0017429999999999) - (usage: 16754944) - (peak: 16889032)
Number of elements: 3
Array
(
    [templateid] => 22
    [nolinks] => 1
    [adjustforeditor] => 1
)

Debug: (0.784862) - (usage: 14240376) - (peak: 14543424)
cms_stylesheet
Debug: (0.787666) - (usage: 14240320) - (peak: 14543424)

Debug: (0.796433) - (usage: 14453848) - (peak: 15232752)
cms_stylesheet
Debug: (0.798649) - (usage: 14453792) - (peak: 15232752)

Debug: (0.774941) - (usage: 14399440) - (peak: 15177648)
cms_stylesheet
Debug: (0.776775) - (usage: 14399384) - (peak: 15177648)

Debug: (0.921698) - (usage: 14322680) - (peak: 14632040)
cms_stylesheet
Debug: (0.9236) - (usage: 14322616) - (peak: 14632040)

Debug: (0.812979) - (usage: 14385800) - (peak: 15065680)
cms_stylesheet
Debug: (0.81447) - (usage: 14385744) - (peak: 15065680)

Debug: (0.763462) - (usage: 14241000) - (peak: 14548912)
cms_stylesheet
Debug: (0.765577) - (usage: 14240944) - (peak: 14548912)

Debug: (0.712787) - (usage: 14245256) - (peak: 14550904)
cms_stylesheet
Debug: (0.714479) - (usage: 14245200) - (peak: 14550904)

Debug: (0.954137) - (usage: 14325488) - (peak: 14633768)
cms_stylesheet
Debug: (0.956669) - (usage: 14325432) - (peak: 14633768)

Debug: (0.97724) - (usage: 14322720) - (peak: 14632296)
cms_stylesheet
Debug: (0.980151) - (usage: 14322664) - (peak: 14632296)

Debug: (0.757036) - (usage: 14245256) - (peak: 14550904)
cms_stylesheet
Debug: (0.758923) - (usage: 14245200) - (peak: 14550904)

Debug: (0.717191) - (usage: 14295904) - (peak: 14542256)
cms_stylesheet
Debug: (0.719196) - (usage: 14295848) - (peak: 14542256)

Debug: (0.847563) - (usage: 14295424) - (peak: 14542304)
cms_stylesheet
Debug: (0.851764) - (usage: 14295368) - (peak: 14542304)

Debug: (0.719736) - (usage: 14247664) - (peak: 14542304)
cms_stylesheet
Debug: (0.722401) - (usage: 14247608) - (peak: 14542304)

Debug: (0.701282) - (usage: 14295784) - (peak: 14542384)
cms_stylesheet
Debug: (0.703154) - (usage: 14295728) - (peak: 14542384)

Debug: (0.712661) - (usage: 14247664) - (peak: 14542304)
cms_stylesheet
Debug: (0.714243) - (usage: 14247608) - (peak: 14542304)

Debug: (0.72119) - (usage: 14292944) - (peak: 14541016)
cms_stylesheet
Debug: (0.723147) - (usage: 14292888) - (peak: 14541016)

Debug: (0.790963) - (usage: 14247664) - (peak: 14542304)
cms_stylesheet
Debug: (0.792892) - (usage: 14247608) - (peak: 14542304)

Debug: (0.865047) - (usage: 14463120) - (peak: 15230160)
cms_stylesheet
Debug: (0.867108) - (usage: 14463064) - (peak: 15230160)

Debug: (0.721888) - (usage: 14247664) - (peak: 14542304)
cms_stylesheet
Debug: (0.723711) - (usage: 14247608) - (peak: 14542304)

Debug: (0.913428) - (usage: 14247664) - (peak: 14542304)
cms_stylesheet
Debug: (0.91517) - (usage: 14247608) - (peak: 14542304)

Debug: (4.7000000000019E-5) - (usage: 16731448) - (peak: 16841272)
cms_stylesheet
Debug: (0.001917) - (usage: 16731384) - (peak: 16841272)
Number of elements: 3
Array
(
    [templateid] => 22
    [nolinks] => 1
    [adjustforeditor] => 1
)

Debug: (4.6000000000102E-5) - (usage: 16751960) - (peak: 16885984)
cms_stylesheet
Debug: (0.0019300000000001) - (usage: 16751904) - (peak: 16885984)
Number of elements: 3
Array
(
    [templateid] => 22
    [nolinks] => 1
    [adjustforeditor] => 1
)

Debug: (4.9000000000077E-5) - (usage: 16772560) - (peak: 16906608)
cms_stylesheet
Debug: (0.0020250000000001) - (usage: 16772504) - (peak: 16906608)
Number of elements: 3
Array
(
    [templateid] => 22
    [nolinks] => 1
    [adjustforeditor] => 1
)

Debug: (5.0999999999968E-5) - (usage: 16793128) - (peak: 16903248)
cms_stylesheet
Debug: (0.002383) - (usage: 16793064) - (peak: 16903248)
Number of elements: 3
Array
(
    [templateid] => 22
    [nolinks] => 1
    [adjustforeditor] => 1
)

Debug: (5.200000000001E-5) - (usage: 16792264) - (peak: 16902112)
cms_stylesheet
Debug: (0.002205) - (usage: 16792200) - (peak: 16902112)
Number of elements: 3
Array
(
    [templateid] => 22
    [nolinks] => 1
    [adjustforeditor] => 1
)

Debug: (4.3999999999988E-5) - (usage: 16794912) - (peak: 16904736)
cms_stylesheet
Debug: (0.002155) - (usage: 16794848) - (peak: 16904736)
Number of elements: 3
Array
(
    [templateid] => 22
    [nolinks] => 1
    [adjustforeditor] => 1
)

Debug: (0.837753) - (usage: 14314472) - (peak: 14608376)
cms_stylesheet
Debug: (0.839692) - (usage: 14314416) - (peak: 14608376)

Debug: (0.858225) - (usage: 14393968) - (peak: 14690928)
cms_stylesheet
Debug: (0.860265) - (usage: 14393912) - (peak: 14690928)

Debug: (0.970695) - (usage: 14392840) - (peak: 14690256)
cms_stylesheet
Debug: (0.972885) - (usage: 14392784) - (peak: 14690256)

Debug: (0.946608) - (usage: 14392984) - (peak: 14690352)
cms_stylesheet
Debug: (0.948842) - (usage: 14392928) - (peak: 14690352)

Debug: (0.89923) - (usage: 14354536) - (peak: 14602648)
cms_stylesheet
Debug: (0.90122) - (usage: 14354480) - (peak: 14602648)

Debug: (0.83628) - (usage: 14356408) - (peak: 14603992)
cms_stylesheet
Debug: (0.838613) - (usage: 14356352) - (peak: 14603992)

Debug: (0.822778) - (usage: 14354816) - (peak: 14603064)
cms_stylesheet
Debug: (0.825016) - (usage: 14354760) - (peak: 14603064)

Debug: (0.903028) - (usage: 14308480) - (peak: 14603824)
cms_stylesheet
Debug: (0.906185) - (usage: 14308424) - (peak: 14603824)

Debug: (0.700036) - (usage: 14307232) - (peak: 14603168)
cms_stylesheet
Debug: (0.701666) - (usage: 14307176) - (peak: 14603168)

Debug: (4.3000000000015E-5) - (usage: 16792920) - (peak: 16902816)
cms_stylesheet
Debug: (0.001572) - (usage: 16792856) - (peak: 16902816)
Number of elements: 3
Array
(
    [templateid] => 22
    [nolinks] => 1
    [adjustforeditor] => 1
)

Debug: (0.879782) - (usage: 14879224) - (peak: 15664728)
cms_stylesheet
Debug: (0.881781) - (usage: 14879168) - (peak: 15664728)

Debug: (4.7999999999999E-5) - (usage: 16793208) - (peak: 16903048)
cms_stylesheet
Debug: (0.001989) - (usage: 16793144) - (peak: 16903048)
Number of elements: 3
Array
(
    [templateid] => 22
    [nolinks] => 1
    [adjustforeditor] => 1
)

Debug: (4.7999999999992E-5) - (usage: 16812904) - (peak: 16922720)
cms_stylesheet
Debug: (0.002024) - (usage: 16812840) - (peak: 16922720)
Number of elements: 3
Array
(
    [templateid] => 22
    [nolinks] => 1
    [adjustforeditor] => 1
)

Debug: (4.599999999999E-5) - (usage: 16813656) - (peak: 16923464)
cms_stylesheet
Debug: (0.0019750000000001) - (usage: 16813600) - (peak: 16923464)
Number of elements: 3
Array
(
    [templateid] => 22
    [nolinks] => 1
    [adjustforeditor] => 1
)

Debug: (5.5000000000027E-5) - (usage: 16813288) - (peak: 16923136)
cms_stylesheet
Debug: (0.002454) - (usage: 16813224) - (peak: 16923136)
Number of elements: 3
Array
(
    [templateid] => 22
    [nolinks] => 1
    [adjustforeditor] => 1
)

Debug: (4.5000000000073E-5) - (usage: 16834064) - (peak: 16943920)
cms_stylesheet
Debug: (0.0016830000000001) - (usage: 16834008) - (peak: 16943920)
Number of elements: 3
Array
(
    [templateid] => 22
    [nolinks] => 1
    [adjustforeditor] => 1
)

Debug: (4.4999999999989E-5) - (usage: 16834520) - (peak: 16944376)
cms_stylesheet
Debug: (0.001907) - (usage: 16834456) - (peak: 16944376)
Number of elements: 3
Array
(
    [templateid] => 22
    [nolinks] => 1
    [adjustforeditor] => 1
)

Debug: (0.755437) - (usage: 14351488) - (peak: 14646592)
cms_stylesheet
Debug: (0.756989) - (usage: 14351432) - (peak: 14646592)

Debug: (0.950178) - (usage: 14431640) - (peak: 14728904)
cms_stylesheet
Debug: (0.95237) - (usage: 14431584) - (peak: 14728904)

Debug: (4.599999999999E-5) - (usage: 16833920) - (peak: 16943752)
cms_stylesheet
Debug: (0.001963) - (usage: 16833856) - (peak: 16943752)
Number of elements: 3
Array
(
    [templateid] => 22
    [nolinks] => 1
    [adjustforeditor] => 1
)

Debug: (5.1999999999996E-5) - (usage: 16835232) - (peak: 16945168)
cms_stylesheet
Debug: (0.002505) - (usage: 16835168) - (peak: 16945168)
Number of elements: 3
Array
(
    [templateid] => 22
    [nolinks] => 1
    [adjustforeditor] => 1
)

Debug: (4.9999999999994E-5) - (usage: 16834488) - (peak: 16944400)
cms_stylesheet
Debug: (0.002415) - (usage: 16834424) - (peak: 16944400)
Number of elements: 3
Array
(
    [templateid] => 22
    [nolinks] => 1
    [adjustforeditor] => 1
)

Debug: (4.7999999999937E-5) - (usage: 16854392) - (peak: 16964264)
cms_stylesheet
Debug: (0.002181) - (usage: 16854328) - (peak: 16964264)
Number of elements: 3
Array
(
    [templateid] => 22
    [nolinks] => 1
    [adjustforeditor] => 1
)

Debug: (5.1000000000023E-5) - (usage: 16855048) - (peak: 16964944)
cms_stylesheet
Debug: (0.0022340000000001) - (usage: 16854992) - (peak: 16964944)
Number of elements: 3
Array
(
    [templateid] => 22
    [nolinks] => 1
    [adjustforeditor] => 1
)

Debug: (0.813908) - (usage: 14418336) - (peak: 14666128)
cms_stylesheet
Debug: (0.816119) - (usage: 14418280) - (peak: 14666128)

Debug: (4.599999999999E-5) - (usage: 16854328) - (peak: 16964160)
cms_stylesheet
Debug: (0.001958) - (usage: 16854264) - (peak: 16964160)
Number of elements: 3
Array
(
    [templateid] => 22
    [nolinks] => 1
    [adjustforeditor] => 1
)

Debug: (0.71731) - (usage: 14362416) - (peak: 14668896)
cms_stylesheet
Debug: (0.719307) - (usage: 14362360) - (peak: 14668896)

Debug: (0.807966) - (usage: 14373208) - (peak: 14668464)
cms_stylesheet
Debug: (0.810142) - (usage: 14373152) - (peak: 14668464)

Debug: (4.7000000000019E-5) - (usage: 16854328) - (peak: 16964160)
cms_stylesheet
Debug: (0.001799) - (usage: 16854264) - (peak: 16964160)
Number of elements: 3
Array
(
    [templateid] => 22
    [nolinks] => 1
    [adjustforeditor] => 1
)

Debug: (0.903252) - (usage: 14733728) - (peak: 15520592)
cms_stylesheet
Debug: (0.905447) - (usage: 14733672) - (peak: 15520592)

Debug: (0.840203) - (usage: 14373712) - (peak: 14668952)
cms_stylesheet
Debug: (0.841825) - (usage: 14373656) - (peak: 14668952)

Debug: (0.705105) - (usage: 14373584) - (peak: 14668864)
cms_stylesheet
Debug: (0.706766) - (usage: 14373528) - (peak: 14668864)

Debug: (0.989721) - (usage: 14461672) - (peak: 15260448)
cms_stylesheet
Debug: (0.991638) - (usage: 14461616) - (peak: 15260448)

Debug: (4.7999999999992E-5) - (usage: 16855760) - (peak: 16965576)
cms_stylesheet
Debug: (0.001965) - (usage: 16855696) - (peak: 16965576)
Number of elements: 3
Array
(
    [templateid] => 22
    [nolinks] => 1
    [adjustforeditor] => 1
)

Debug: (0.74738) - (usage: 14379720) - (peak: 15055936)
cms_stylesheet
Debug: (0.749095) - (usage: 14379664) - (peak: 15055936)

Debug: (0.709669) - (usage: 14421328) - (peak: 14668864)
cms_stylesheet
Debug: (0.711759) - (usage: 14421272) - (peak: 14668864)

Debug: (0.884619) - (usage: 14443848) - (peak: 14708352)
cms_stylesheet
Debug: (0.886892) - (usage: 14443792) - (peak: 14708352)

Debug: (1.115236) - (usage: 14704712) - (peak: 15490832)
cms_stylesheet
Debug: (1.117161) - (usage: 14704656) - (peak: 15490832)

Debug: (4.6999999999991E-5) - (usage: 16855184) - (peak: 16964864)
cms_stylesheet
Debug: (0.001967) - (usage: 16855120) - (peak: 16964864)
Number of elements: 3
Array
(
    [templateid] => 22
    [nolinks] => 1
    [adjustforeditor] => 1
)

Debug: (0.966189) - (usage: 14710208) - (peak: 15477192)
cms_stylesheet
Debug: (0.968628) - (usage: 14710152) - (peak: 15477192)

Debug: (0.688852) - (usage: 14418928) - (peak: 14666896)
cms_stylesheet
Debug: (0.69062) - (usage: 14418872) - (peak: 14666896)

Debug: (4.8000000000048E-5) - (usage: 16855480) - (peak: 16965376)
cms_stylesheet
Debug: (0.001927) - (usage: 16855416) - (peak: 16965376)
Number of elements: 3
Array
(
    [templateid] => 22
    [nolinks] => 1
    [adjustforeditor] => 1
)

Debug: (0.840365) - (usage: 14418512) - (peak: 14666344)
cms_stylesheet
Debug: (0.842659) - (usage: 14418456) - (peak: 14666344)

Debug: (0.935904) - (usage: 14637064) - (peak: 15304592)
cms_stylesheet
Debug: (0.93802) - (usage: 14637008) - (peak: 15304592)

Debug: (0.782711) - (usage: 14371264) - (peak: 14666896)
cms_stylesheet
Debug: (0.784828) - (usage: 14371208) - (peak: 14666896)

Debug: (0.790911) - (usage: 14451464) - (peak: 15228504)
cms_stylesheet
Debug: (0.792847) - (usage: 14451408) - (peak: 15228504)

Debug: (6.8000000000012E-5) - (usage: 16854936) - (peak: 16964760)
cms_stylesheet
Debug: (0.002513) - (usage: 16854872) - (peak: 16964760)
Number of elements: 3
Array
(
    [templateid] => 22
    [nolinks] => 1
    [adjustforeditor] => 1
)

Debug: (0.826701) - (usage: 14377088) - (peak: 15053552)
cms_stylesheet
Debug: (0.828971) - (usage: 14377032) - (peak: 15053552)

Debug: (0.852898) - (usage: 14377240) - (peak: 15053632)
cms_stylesheet
Debug: (0.854891) - (usage: 14377184) - (peak: 15053632)

Debug: (0.876911) - (usage: 14377240) - (peak: 15053632)
cms_stylesheet
Debug: (0.878991) - (usage: 14377184) - (peak: 15053632)

Debug: (4.4999999999962E-5) - (usage: 16854752) - (peak: 16964784)
cms_stylesheet
Debug: (0.0018319999999999) - (usage: 16854696) - (peak: 16964784)
Number of elements: 3
Array
(
    [templateid] => 22
    [nolinks] => 1
    [adjustforeditor] => 1
)

Debug: (5.1E-5) - (usage: 16854736) - (peak: 16964784)
cms_stylesheet
Debug: (0.002186) - (usage: 16854688) - (peak: 16964784)
Number of elements: 3
Array
(
    [templateid] => 22
    [nolinks] => 1
    [adjustforeditor] => 1
)

Debug: (0.792245) - (usage: 14450800) - (peak: 15226912)
cms_stylesheet
Debug: (0.794094) - (usage: 14450744) - (peak: 15226912)

Debug: (0.848932) - (usage: 14376936) - (peak: 15052880)
cms_stylesheet
Debug: (0.850932) - (usage: 14376880) - (peak: 15052880)

Debug: (0.950469) - (usage: 14373768) - (peak: 14667864)
cms_stylesheet
Debug: (0.952473) - (usage: 14373712) - (peak: 14667864)

Debug: (0.80667) - (usage: 14371072) - (peak: 14666600)
cms_stylesheet
Debug: (0.808814) - (usage: 14371016) - (peak: 14666600)

Debug: (0.864536) - (usage: 14636872) - (peak: 15304336)
cms_stylesheet
Debug: (0.867506) - (usage: 14636816) - (peak: 15304336)

Debug: (0.853975) - (usage: 14371072) - (peak: 14666600)
cms_stylesheet
Debug: (0.856185) - (usage: 14371016) - (peak: 14666600)

Debug: (0.743644) - (usage: 14373184) - (peak: 14666016)
cms_stylesheet
Debug: (0.745768) - (usage: 14373128) - (peak: 14666016)

Debug: (5.7000000000001E-5) - (usage: 16854296) - (peak: 16964192)
cms_stylesheet
Debug: (0.002531) - (usage: 16854232) - (peak: 16964192)
Number of elements: 3
Array
(
    [templateid] => 22
    [nolinks] => 1
    [adjustforeditor] => 1
)

Debug: (0.803674) - (usage: 14371112) - (peak: 14666680)
cms_stylesheet
Debug: (0.805674) - (usage: 14371056) - (peak: 14666680)

Debug: (0.98218) - (usage: 14724488) - (peak: 15509224)
cms_stylesheet
Debug: (0.983904) - (usage: 14724432) - (peak: 15509224)

Debug: (0.741586) - (usage: 13990696) - (peak: 14147640)
cms_stylesheet
Debug: (0.743753) - (usage: 13990640) - (peak: 14147640)

Debug: (0.638832) - (usage: 13837976) - (peak: 14068008)
cms_stylesheet
Debug: (0.640854) - (usage: 13837920) - (peak: 14068008)

Debug: (0.719313) - (usage: 13980096) - (peak: 14693160)
cms_stylesheet
Debug: (0.721331) - (usage: 13980040) - (peak: 14693160)

Debug: (0.641182) - (usage: 13836240) - (peak: 14067192)
cms_stylesheet
Debug: (0.643125) - (usage: 13836184) - (peak: 14067192)

Debug: (0.812823) - (usage: 14332960) - (peak: 15062064)
cms_stylesheet
Debug: (0.814934) - (usage: 14332904) - (peak: 15062064)

Debug: (0.750099) - (usage: 13835376) - (peak: 14066840)
cms_stylesheet
Debug: (0.752315) - (usage: 13835320) - (peak: 14066840)

Debug: (4.7000000000019E-5) - (usage: 16822752) - (peak: 16956776)
cms_stylesheet
Debug: (0.026997) - (usage: 16822688) - (peak: 16956776)
Number of elements: 3
Array
(
    [templateid] => 22
    [nolinks] => 1
    [adjustforeditor] => 1
)

Debug: (1.197286) - (usage: 14004248) - (peak: 14161024)
cms_stylesheet
Debug: (1.199388) - (usage: 14004192) - (peak: 14161024)

Debug: (5.7999999999989E-5) - (usage: 16823384) - (peak: 16957424)
cms_stylesheet
Debug: (0.002203) - (usage: 16823320) - (peak: 16957424)
Number of elements: 3
Array
(
    [templateid] => 22
    [nolinks] => 1
    [adjustforeditor] => 1
)

Debug: (1.052985) - (usage: 13815120) - (peak: 14046432)
cms_stylesheet
Debug: (1.056465) - (usage: 13815064) - (peak: 14046432)

Debug: (1.336594) - (usage: 14067152) - (peak: 14780088)
cms_stylesheet
Debug: (1.340467) - (usage: 14067096) - (peak: 14780088)

Debug: (1.133232) - (usage: 13801920) - (peak: 14032648)
cms_stylesheet
Debug: (1.13669) - (usage: 13801864) - (peak: 14032648)

Debug: (0.728019) - (usage: 14018768) - (peak: 14175472)
cms_stylesheet
Debug: (0.730152) - (usage: 14018712) - (peak: 14175472)

Debug: (0.696725) - (usage: 14018768) - (peak: 14175472)
cms_stylesheet
Debug: (0.69874) - (usage: 14018712) - (peak: 14175472)

Debug: (4.7999999999992E-5) - (usage: 16823152) - (peak: 16957224)
cms_stylesheet
Debug: (0.002108) - (usage: 16823088) - (peak: 16957224)
Number of elements: 3
Array
(
    [templateid] => 22
    [nolinks] => 1
    [adjustforeditor] => 1
)

Debug: (0.690993) - (usage: 14018744) - (peak: 14175440)
cms_stylesheet
Debug: (0.693015) - (usage: 14018688) - (peak: 14175440)

Debug: (0.688478) - (usage: 13801896) - (peak: 14032568)
cms_stylesheet
Debug: (0.690492) - (usage: 13801840) - (peak: 14032568)

Debug: (0.669473) - (usage: 13803672) - (peak: 14033936)
cms_stylesheet
Debug: (0.671378) - (usage: 13803616) - (peak: 14033936)

Debug: (0.764794) - (usage: 13945768) - (peak: 14658760)
cms_stylesheet
Debug: (0.766725) - (usage: 13945712) - (peak: 14658760)

Debug: (0.735257) - (usage: 13943968) - (peak: 14178504)
cms_stylesheet
Debug: (0.737228) - (usage: 13943912) - (peak: 14178504)

Debug: (0.757107) - (usage: 13803672) - (peak: 14033936)
cms_stylesheet
Debug: (0.758889) - (usage: 13803616) - (peak: 14033936)

Debug: (0.793773) - (usage: 14018704) - (peak: 14650200)
cms_stylesheet
Debug: (0.795767) - (usage: 14018648) - (peak: 14650200)

Debug: (0.712624) - (usage: 13945984) - (peak: 14665528)
cms_stylesheet
Debug: (0.714657) - (usage: 13945928) - (peak: 14665528)

Debug: (0.78936) - (usage: 13801920) - (peak: 14032648)
cms_stylesheet
Debug: (0.791485) - (usage: 13801864) - (peak: 14032648)

Debug: (0.653894) - (usage: 13800848) - (peak: 14032176)
cms_stylesheet
Debug: (0.655499) - (usage: 13800792) - (peak: 14032176)

Debug: (0.637943) - (usage: 13801920) - (peak: 14032648)
cms_stylesheet
Debug: (0.639557) - (usage: 13801864) - (peak: 14032648)

Debug: (0.711649) - (usage: 13800848) - (peak: 14032176)
cms_stylesheet
Debug: (0.713817) - (usage: 13800792) - (peak: 14032176)

Debug: (0.752972) - (usage: 14067152) - (peak: 14780088)
cms_stylesheet
Debug: (0.755457) - (usage: 14067096) - (peak: 14780088)

Debug: (0.798983) - (usage: 13803672) - (peak: 14033936)
cms_stylesheet
Debug: (0.800825) - (usage: 13803616) - (peak: 14033936)

Debug: (0.943333) - (usage: 14018792) - (peak: 14650104)
cms_stylesheet
Debug: (0.945736) - (usage: 14018736) - (peak: 14650104)

Debug: (0.715781) - (usage: 13944032) - (peak: 14178536)
cms_stylesheet
Debug: (0.717534) - (usage: 13943976) - (peak: 14178536)

Debug: (6.0999999999978E-5) - (usage: 16821352) - (peak: 16955376)
cms_stylesheet
Debug: (0.0024449999999999) - (usage: 16821296) - (peak: 16955376)
Number of elements: 3
Array
(
    [templateid] => 22
    [nolinks] => 1
    [adjustforeditor] => 1
)

Debug: (6.1999999999895E-5) - (usage: 16820568) - (peak: 16954600)
cms_stylesheet
Debug: (0.0024069999999999) - (usage: 16820512) - (peak: 16954600)
Number of elements: 3
Array
(
    [templateid] => 22
    [nolinks] => 1
    [adjustforeditor] => 1
)

Debug: (0.704924) - (usage: 13956824) - (peak: 14113688)
cms_stylesheet
Debug: (0.706774) - (usage: 13956768) - (peak: 14113688)

Debug: (0.769564) - (usage: 13803552) - (peak: 14033408)
cms_stylesheet
Debug: (0.77158) - (usage: 13803496) - (peak: 14033408)

Debug: (0.764995) - (usage: 13801208) - (peak: 14032280)
cms_stylesheet
Debug: (0.766674) - (usage: 13801152) - (peak: 14032280)

Debug: (0.604722) - (usage: 13803672) - (peak: 14033936)
cms_stylesheet
Debug: (0.606216) - (usage: 13803616) - (peak: 14033936)

Debug: (0.803763) - (usage: 13945880) - (peak: 14658680)
cms_stylesheet
Debug: (0.805526) - (usage: 13945824) - (peak: 14658680)

Debug: (0.66856) - (usage: 13800848) - (peak: 14032176)
cms_stylesheet
Debug: (0.670371) - (usage: 13800792) - (peak: 14032176)

Debug: (5.1999999999996E-5) - (usage: 16821352) - (peak: 16955392)
cms_stylesheet
Debug: (0.002134) - (usage: 16821288) - (peak: 16955392)
Number of elements: 3
Array
(
    [templateid] => 22
    [nolinks] => 1
    [adjustforeditor] => 1
)

Debug: (0.806681) - (usage: 13862784) - (peak: 14060680)
cms_stylesheet
Debug: (0.809066) - (usage: 13862728) - (peak: 14060680)

Debug: (0.720081) - (usage: 13862368) - (peak: 14060232)
cms_stylesheet
Debug: (0.722279) - (usage: 13862312) - (peak: 14060232)

Debug: (0.715719) - (usage: 13800384) - (peak: 14031416)
cms_stylesheet
Debug: (0.717768) - (usage: 13800328) - (peak: 14031416)

Debug: (0.78697) - (usage: 13800384) - (peak: 14031416)
cms_stylesheet
Debug: (0.788796) - (usage: 13800328) - (peak: 14031416)

Debug: (4.9999999999994E-5) - (usage: 16820568) - (peak: 16954600)
cms_stylesheet
Debug: (0.002027) - (usage: 16820504) - (peak: 16954600)
Number of elements: 3
Array
(
    [templateid] => 22
    [nolinks] => 1
    [adjustforeditor] => 1
)

Debug: (0.83194) - (usage: 13815096) - (peak: 14046376)
cms_stylesheet
Debug: (0.833537) - (usage: 13815040) - (peak: 14046376)

Debug: (0.687816) - (usage: 13848440) - (peak: 14047304)
cms_stylesheet
Debug: (0.689826) - (usage: 13848384) - (peak: 14047304)

Debug: (0.702821) - (usage: 13801104) - (peak: 14032376)
cms_stylesheet
Debug: (0.704898) - (usage: 13801048) - (peak: 14032376)

Debug: (0.688177) - (usage: 13800744) - (peak: 14032104)
cms_stylesheet
Debug: (0.690068) - (usage: 13800688) - (peak: 14032104)

Debug: (0.714304) - (usage: 13815384) - (peak: 14046576)
cms_stylesheet
Debug: (0.716227) - (usage: 13815328) - (peak: 14046576)

Debug: (4.7000000000019E-5) - (usage: 16822040) - (peak: 16956104)
cms_stylesheet
Debug: (0.002018) - (usage: 16821976) - (peak: 16956104)
Number of elements: 3
Array
(
    [templateid] => 22
    [nolinks] => 1
    [adjustforeditor] => 1
)

Debug: (0.719987) - (usage: 13862568) - (peak: 14060512)
cms_stylesheet
Debug: (0.722093) - (usage: 13862512) - (peak: 14060512)

Debug: (5.2000000000052E-5) - (usage: 16820048) - (peak: 16929872)
cms_stylesheet
Debug: (0.002101) - (usage: 16819984) - (peak: 16929872)
Number of elements: 3
Array
(
    [templateid] => 22
    [nolinks] => 1
    [adjustforeditor] => 1
)

Debug: (0.63219) - (usage: 13801920) - (peak: 14032648)
cms_stylesheet
Debug: (0.634088) - (usage: 13801864) - (peak: 14032648)

Debug: (0.902834) - (usage: 14298608) - (peak: 15027568)
cms_stylesheet
Debug: (0.904721) - (usage: 14298552) - (peak: 15027568)

Debug: (11.650289) - (usage: 13956824) - (peak: 14113688)
cms_stylesheet
Debug: (11.70227) - (usage: 13956768) - (peak: 14113688)

Debug: (2.914234) - (usage: 13956824) - (peak: 14113688)
cms_stylesheet
Debug: (2.915462) - (usage: 13956768) - (peak: 14113688)

Debug: (1.650783) - (usage: 13803552) - (peak: 14033408)
cms_stylesheet
Debug: (1.66347) - (usage: 13803496) - (peak: 14033408)

Debug: (1.035237) - (usage: 13803552) - (peak: 14033408)
cms_stylesheet
Debug: (1.037331) - (usage: 13803496) - (peak: 14033408)

Debug: (0.691998) - (usage: 13801920) - (peak: 14032648)
cms_stylesheet
Debug: (0.693607) - (usage: 13801864) - (peak: 14032648)

Debug: (1.217803) - (usage: 13848536) - (peak: 14046136)
cms_stylesheet
Debug: (1.229076) - (usage: 13848480) - (peak: 14046136)

Debug: (4.7000000000019E-5) - (usage: 16820984) - (peak: 16955024)
cms_stylesheet
Debug: (0.01493) - (usage: 16820920) - (peak: 16955024)
Number of elements: 3
Array
(
    [templateid] => 22
    [nolinks] => 1
    [adjustforeditor] => 1
)

Debug: (1.002927) - (usage: 13970688) - (peak: 14127576)
cms_stylesheet
Debug: (1.004941) - (usage: 13970632) - (peak: 14127576)

Debug: (0.674896) - (usage: 13803552) - (peak: 14033408)
cms_stylesheet
Debug: (0.677093) - (usage: 13803496) - (peak: 14033408)

Debug: (0.675109) - (usage: 13848560) - (peak: 14047896)
cms_stylesheet
Debug: (0.67704) - (usage: 13848504) - (peak: 14047896)

Debug: (0.694362) - (usage: 13800504) - (peak: 14031680)
cms_stylesheet
Debug: (0.696445) - (usage: 13800448) - (peak: 14031680)

Debug: (5.7000000000001E-5) - (usage: 16821296) - (peak: 16955336)
cms_stylesheet
Debug: (0.002291) - (usage: 16821232) - (peak: 16955336)
Number of elements: 3
Array
(
    [templateid] => 22
    [nolinks] => 1
    [adjustforeditor] => 1
)

Debug: (0.765189) - (usage: 13862760) - (peak: 14062104)
cms_stylesheet
Debug: (0.767145) - (usage: 13862704) - (peak: 14062104)

Debug: (0.670994) - (usage: 13956896) - (peak: 14113776)
cms_stylesheet
Debug: (0.67293) - (usage: 13956840) - (peak: 14113776)

Debug: (0.786721) - (usage: 13803960) - (peak: 14033880)
cms_stylesheet
Debug: (0.789119) - (usage: 13803904) - (peak: 14033880)

Debug: (0.576819) - (usage: 13804072) - (peak: 14033880)
cms_stylesheet
Debug: (0.578834) - (usage: 13804016) - (peak: 14033880)

Debug: (0.653702) - (usage: 13801288) - (peak: 14032464)
cms_stylesheet
Debug: (0.655404) - (usage: 13801232) - (peak: 14032464)

Debug: (0.673792) - (usage: 13800976) - (peak: 14032256)
cms_stylesheet
Debug: (0.675619) - (usage: 13800920) - (peak: 14032256)

Debug: (0.693106) - (usage: 13800544) - (peak: 14031592)
cms_stylesheet
Debug: (0.695016) - (usage: 13800488) - (peak: 14031592)

Debug: (0.840416) - (usage: 13800544) - (peak: 14031592)
cms_stylesheet
Debug: (0.842534) - (usage: 13800488) - (peak: 14031592)

Debug: (2.379519) - (usage: 13800544) - (peak: 14031592)
cms_stylesheet
Debug: (2.584483) - (usage: 13800488) - (peak: 14031592)

Debug: (0.69756) - (usage: 13800544) - (peak: 14031592)
cms_stylesheet
Debug: (0.699561) - (usage: 13800488) - (peak: 14031592)

Debug: (0.768556) - (usage: 13800544) - (peak: 14031592)
cms_stylesheet
Debug: (0.770635) - (usage: 13800488) - (peak: 14031592)

Debug: (0.864727) - (usage: 13800544) - (peak: 14031592)
cms_stylesheet
Debug: (0.866795) - (usage: 13800488) - (peak: 14031592)

Debug: (5.1000000000023E-5) - (usage: 15754392) - (peak: 15902120)
cms_stylesheet
Debug: (0.0021410000000001) - (usage: 15754336) - (peak: 15902120)
Number of elements: 3
Array
(
    [templateid] => 22
    [nolinks] => 1
    [adjustforeditor] => 1
)

Debug: (5.7000000000001E-5) - (usage: 15760032) - (peak: 15907808)
cms_stylesheet
Debug: (0.002384) - (usage: 15759968) - (peak: 15907808)
Number of elements: 3
Array
(
    [templateid] => 22
    [nolinks] => 1
    [adjustforeditor] => 1
)

Debug: (0.72745) - (usage: 13959704) - (peak: 14116576)
cms_stylesheet
Debug: (0.729097) - (usage: 13959648) - (peak: 14116576)

Debug: (5.7000000000085E-5) - (usage: 15754512) - (peak: 15902320)
cms_stylesheet
Debug: (0.002213) - (usage: 15754448) - (peak: 15902320)
Number of elements: 3
Array
(
    [templateid] => 22
    [nolinks] => 1
    [adjustforeditor] => 1
)

Debug: (5.2000000000052E-5) - (usage: 15754704) - (peak: 15902168)
cms_stylesheet
Debug: (0.002089) - (usage: 15754640) - (peak: 15902168)
Number of elements: 3
Array
(
    [templateid] => 22
    [nolinks] => 1
    [adjustforeditor] => 1
)

Debug: (5.6999999999974E-5) - (usage: 15759984) - (peak: 15907776)
cms_stylesheet
Debug: (0.002378) - (usage: 15759920) - (peak: 15907776)
Number of elements: 3
Array
(
    [templateid] => 22
    [nolinks] => 1
    [adjustforeditor] => 1
)

Debug: (0.751446) - (usage: 13959704) - (peak: 14116576)
cms_stylesheet
Debug: (0.753785) - (usage: 13959648) - (peak: 14116576)

Debug: (4.9999999999994E-5) - (usage: 15760080) - (peak: 15907872)
cms_stylesheet
Debug: (0.0026189999999999) - (usage: 15760024) - (peak: 15907872)
Number of elements: 3
Array
(
    [templateid] => 22
    [nolinks] => 1
    [adjustforeditor] => 1
)

Debug: (0.752335) - (usage: 13959384) - (peak: 14116248)
cms_stylesheet
Debug: (0.754317) - (usage: 13959328) - (peak: 14116248)

Debug: (4.8999999999993E-5) - (usage: 15754360) - (peak: 15902088)
cms_stylesheet
Debug: (0.00207) - (usage: 15754296) - (peak: 15902088)
Number of elements: 3
Array
(
    [templateid] => 22
    [nolinks] => 1
    [adjustforeditor] => 1
)

Debug: (3.9000000000011E-5) - (usage: 12812544) - (peak: 12836736)
module redirect to moduleinterface.php?mact=ThemeManager,m1_,defaultadmin,0&_sx_=0233018b&m1_message=The%20theme%20was%20successfully%20imported
Debug: (0.796257) - (usage: 14045688) - (peak: 14191232)
cms_stylesheet
Debug: (0.798238) - (usage: 14045632) - (peak: 14191232)

Debug: (0.760569) - (usage: 13959536) - (peak: 14116440)
cms_stylesheet
Debug: (0.76239) - (usage: 13959480) - (peak: 14116440)

Debug: (0.678746) - (usage: 13959536) - (peak: 14116440)
cms_stylesheet
Debug: (0.681002) - (usage: 13959480) - (peak: 14116440)

Debug: (0.770715) - (usage: 13209232) - (peak: 13670200)
cms_stylesheet
Debug: (0.772612) - (usage: 13209176) - (peak: 13670200)

Debug: (4.9000000000007E-5) - (usage: 12759776) - (peak: 12862128)
module redirect to moduleinterface.php?mact=ThemeManager,m1_,defaultadmin,0&_sx_=0233018b&m1_message=The%20theme%20was%20successfully%20imported
Debug: (0.754029) - (usage: 13143536) - (peak: 13402584)
cms_stylesheet
Debug: (0.755842) - (usage: 13143480) - (peak: 13402584)

Debug: (0.637363) - (usage: 13177472) - (peak: 13421272)
cms_stylesheet
Debug: (0.639624) - (usage: 13177416) - (peak: 13421272)

Debug: (0.603473) - (usage: 12239168) - (peak: 12487200)
cms_stylesheet
Debug: (0.605265) - (usage: 12239112) - (peak: 12487200)

Debug: (0.493724) - (usage: 11930280) - (peak: 12158984)
cms_stylesheet
Debug: (0.495349) - (usage: 11930224) - (peak: 12158984)

Debug: (0.523585) - (usage: 11930640) - (peak: 12159336)
cms_stylesheet
Debug: (0.525408) - (usage: 11930584) - (peak: 12159336)

Debug: (0.763416) - (usage: 13053832) - (peak: 13311112)
cms_stylesheet
Debug: (0.765772) - (usage: 13053776) - (peak: 13311112)

Debug: (0.544652) - (usage: 11931488) - (peak: 12159432)
cms_stylesheet
Debug: (0.546584) - (usage: 11931432) - (peak: 12159432)

Debug: (5.0999999999995E-5) - (usage: 15768360) - (peak: 15915752)
cms_stylesheet
Debug: (0.002182) - (usage: 15768296) - (peak: 15915752)
Number of elements: 3
Array
(
    [templateid] => 22
    [nolinks] => 1
    [adjustforeditor] => 1
)

Debug: (0.777444) - (usage: 14046864) - (peak: 14192984)
cms_stylesheet
Debug: (0.779203) - (usage: 14046808) - (peak: 14192984)

Debug: (5.3999999999998E-5) - (usage: 15759704) - (peak: 15907504)
cms_stylesheet
Debug: (0.0020249999999999) - (usage: 15759648) - (peak: 15907504)
Number of elements: 3
Array
(
    [templateid] => 22
    [nolinks] => 1
    [adjustforeditor] => 1
)

Debug: (0.65953) - (usage: 13959648) - (peak: 14116544)
cms_stylesheet
Debug: (0.661834) - (usage: 13959592) - (peak: 14116544)

Debug: (0.738611) - (usage: 14112672) - (peak: 14272432)
cms_stylesheet
Debug: (0.741187) - (usage: 14112616) - (peak: 14272432)

Debug: (4.7000000000019E-5) - (usage: 15759704) - (peak: 15907504)
cms_stylesheet
Debug: (0.0019859999999999) - (usage: 15759648) - (peak: 15907504)
Number of elements: 3
Array
(
    [templateid] => 22
    [nolinks] => 1
    [adjustforeditor] => 1
)

Debug: (0.742612) - (usage: 13959648) - (peak: 14116544)
cms_stylesheet
Debug: (0.744461) - (usage: 13959592) - (peak: 14116544)

Debug: (0.747662) - (usage: 14113128) - (peak: 14272856)
cms_stylesheet
Debug: (0.749466) - (usage: 14113072) - (peak: 14272856)

Debug: (0.751886) - (usage: 13959992) - (peak: 14116856)
cms_stylesheet
Debug: (0.753401) - (usage: 13959936) - (peak: 14116856)

Debug: (5.1000000000023E-5) - (usage: 15879752) - (peak: 16119512)
cms_stylesheet
Debug: (0.0020169999999999) - (usage: 15879696) - (peak: 16119512)
Number of elements: 3
Array
(
    [templateid] => 22
    [nolinks] => 1
    [adjustforeditor] => 1
)

Debug: (4.7999999999992E-5) - (usage: 15891704) - (peak: 16132632)
cms_stylesheet
Debug: (0.002038) - (usage: 15891640) - (peak: 16132632)
Number of elements: 3
Array
(
    [templateid] => 22
    [nolinks] => 1
    [adjustforeditor] => 1
)

Debug: (4.599999999999E-5) - (usage: 12027400) - (peak: 12086096)
module redirect to moduleinterface.php?mact=News,m1_,defaultadmin,0&_sx_=0233018b&m1_tab_message=articleadded&m1_active_tab=articles
Debug: (4.1999999999986E-5) - (usage: 11832712) - (peak: 11895880)
module redirect to moduleinterface.php?mact=News,m1_,defaultadmin,0&_sx_=0233018b&m1_active_tab=articles
Debug: (0.688829) - (usage: 13959808) - (peak: 14116696)
cms_stylesheet
Debug: (0.690661) - (usage: 13959752) - (peak: 14116696)

Debug: (7.299999999999E-5) - (usage: 11832864) - (peak: 11896064)
module redirect to moduleinterface.php?mact=News,m1_,defaultadmin,0&_sx_=0233018b&m1_active_tab=articles
Debug: (6.8999999999986E-5) - (usage: 11835752) - (peak: 11896968)
module redirect to moduleinterface.php?mact=News,m1_,defaultadmin,0&_sx_=0233018b&m1_active_tab=articles
Debug: (0.731396) - (usage: 13960088) - (peak: 14116480)
cms_stylesheet
Debug: (0.733582) - (usage: 13960032) - (peak: 14116480)

Debug: (1.161958) - (usage: 14305024) - (peak: 14450592)
cms_stylesheet
Debug: (1.163972) - (usage: 14304968) - (peak: 14450592)

Debug: (5.3999999999998E-5) - (usage: 15754880) - (peak: 15902928)
cms_stylesheet
Debug: (0.00226) - (usage: 15754816) - (peak: 15902928)
Number of elements: 3
Array
(
    [templateid] => 22
    [nolinks] => 1
    [adjustforeditor] => 1
)

Debug: (0.670109) - (usage: 13960088) - (peak: 14116480)
cms_stylesheet
Debug: (0.672066) - (usage: 13960032) - (peak: 14116480)

Debug: (5.299999999997E-5) - (usage: 15754744) - (peak: 15902904)
cms_stylesheet
Debug: (0.002408) - (usage: 15754680) - (peak: 15902904)
Number of elements: 3
Array
(
    [templateid] => 22
    [nolinks] => 1
    [adjustforeditor] => 1
)

Debug: (5.1000000000023E-5) - (usage: 16043288) - (peak: 16191208)
cms_stylesheet
Debug: (0.002142) - (usage: 16043224) - (peak: 16191208)
Number of elements: 3
Array
(
    [templateid] => 22
    [nolinks] => 1
    [adjustforeditor] => 1
)

Debug: (0.637328) - (usage: 13960960) - (peak: 14117256)
cms_stylesheet
Debug: (0.639107) - (usage: 13960904) - (peak: 14117256)

Debug: (0.638655) - (usage: 13960960) - (peak: 14117256)
cms_stylesheet
Debug: (0.641529) - (usage: 13960904) - (peak: 14117256)

Debug: (5.3999999999998E-5) - (usage: 15755496) - (peak: 15903464)
cms_stylesheet
Debug: (0.002945) - (usage: 15755432) - (peak: 15903464)
Number of elements: 3
Array
(
    [templateid] => 22
    [nolinks] => 1
    [adjustforeditor] => 1
)

Debug: (0.654875) - (usage: 13960960) - (peak: 14117256)
cms_stylesheet
Debug: (0.657025) - (usage: 13960904) - (peak: 14117256)

Debug: (0.78046) - (usage: 13960960) - (peak: 14117256)
cms_stylesheet
Debug: (0.782749) - (usage: 13960904) - (peak: 14117256)

Debug: (0.699463) - (usage: 13960960) - (peak: 14117256)
cms_stylesheet
Debug: (0.701905) - (usage: 13960904) - (peak: 14117256)

